Build settings from command line:
    ARCHS = i386
    SDKROOT = iphonesimulator6.0

Build settings for action build and target Spin:
    ACTION = build
    ALTERNATE_GROUP = staff
    ALTERNATE_MODE = u+w,go-w,a+rX
    ALTERNATE_OWNER = phausler
    ALWAYS_SEARCH_USER_PATHS = NO
    APPLE_INTERNAL_DEVELOPER_DIR = /AppleInternal/Developer
    APPLE_INTERNAL_DIR = /AppleInternal
    APPLE_INTERNAL_DOCUMENTATION_DIR = /AppleInternal/Documentation
    APPLE_INTERNAL_LIBRARY_DIR = /AppleInternal/Library
    APPLE_INTERNAL_TOOLS = /AppleInternal/Developer/Tools
    APPLY_RULES_IN_COPY_FILES = NO
    ARCHS = i386
    ARCHS_STANDARD_32_BIT = i386
    ARCHS_UNIVERSAL_IPHONE_OS = i386
    AVAILABLE_PLATFORMS = iphonesimulator macosx iphoneos
    BUILD_COMPONENTS = headers build
    BUILD_DIR = /Users/phausler/Library/Developer/Xcode/DerivedData/Spin-eadviupuvhwvizcicdgklzhgluji/Build/Products
    BUILD_ROOT = /Users/phausler/Library/Developer/Xcode/DerivedData/Spin-eadviupuvhwvizcicdgklzhgluji/Build/Products
    BUILD_STYLE = 
    BUILD_VARIANTS = normal
    BUILT_PRODUCTS_DIR = /Users/phausler/Library/Developer/Xcode/DerivedData/Spin-eadviupuvhwvizcicdgklzhgluji/Build/Products/Debug-iphonesimulator
    CACHE_ROOT = /var/folders/89/3hbzl38s03j0tm_xkgn5pbbr0000gn/C/com.apple.Xcode.501
    CCHROOT = /var/folders/89/3hbzl38s03j0tm_xkgn5pbbr0000gn/C/com.apple.Xcode.501
    CHMOD = /bin/chmod
    CHOWN = /usr/sbin/chown
    CLANG_CXX_LANGUAGE_STANDARD = gnu++0x
    CLANG_CXX_LIBRARY = libc++
    CLANG_WARN_EMPTY_BODY = YES
    CLANG_WARN__DUPLICATE_METHOD_MATCH = YES
    CLASS_FILE_DIR = /Users/phausler/Library/Developer/Xcode/DerivedData/Spin-eadviupuvhwvizcicdgklzhgluji/Build/Intermediates/Spin.build/Debug-iphonesimulator/Spin.build/JavaClasses
    CLEAN_PRECOMPS = YES
    CLONE_HEADERS = NO
    CODESIGNING_FOLDER_PATH = /Users/phausler/Library/Developer/Xcode/DerivedData/Spin-eadviupuvhwvizcicdgklzhgluji/Build/Products/Debug-iphonesimulator/Spin.app
    COMPOSITE_SDK_DIRS = /var/folders/89/3hbzl38s03j0tm_xkgn5pbbr0000gn/C/com.apple.Xcode.501/CompositeSDKs
    COMPRESS_PNG_FILES = YES
    CONFIGURATION = Debug
    CONFIGURATION_BUILD_DIR = /Users/phausler/Library/Developer/Xcode/DerivedData/Spin-eadviupuvhwvizcicdgklzhgluji/Build/Products/Debug-iphonesimulator
    CONFIGURATION_TEMP_DIR = /Users/phausler/Library/Developer/Xcode/DerivedData/Spin-eadviupuvhwvizcicdgklzhgluji/Build/Intermediates/Spin.build/Debug-iphonesimulator
    CONTENTS_FOLDER_PATH = Spin.app
    COPYING_PRESERVES_HFS_DATA = NO
    COPY_PHASE_STRIP = NO
    COPY_RESOURCES_FROM_STATIC_FRAMEWORKS = YES
    CP = /bin/cp
    CURRENT_ARCH = i386
    CURRENT_VARIANT = normal
    DEAD_CODE_STRIPPING = NO
    DEBUGGING_SYMBOLS = YES
    DEBUG_INFORMATION_FORMAT = dwarf-with-dsym
    DEFAULT_COMPILER = com.apple.compilers.llvm.clang.1_0
    DEPLOYMENT_LOCATION = NO
    DEPLOYMENT_POSTPROCESSING = NO
    DERIVED_FILES_DIR = /Users/phausler/Library/Developer/Xcode/DerivedData/Spin-eadviupuvhwvizcicdgklzhgluji/Build/Intermediates/Spin.build/Debug-iphonesimulator/Spin.build/DerivedSources
    DERIVED_FILE_DIR = /Users/phausler/Library/Developer/Xcode/DerivedData/Spin-eadviupuvhwvizcicdgklzhgluji/Build/Intermediates/Spin.build/Debug-iphonesimulator/Spin.build/DerivedSources
    DERIVED_SOURCES_DIR = /Users/phausler/Library/Developer/Xcode/DerivedData/Spin-eadviupuvhwvizcicdgklzhgluji/Build/Intermediates/Spin.build/Debug-iphonesimulator/Spin.build/DerivedSources
    DEVELOPER_APPLICATIONS_DIR = /Applications/Xcode.app/Contents/Developer/Applications
    DEVELOPER_BIN_DIR = /Applications/Xcode.app/Contents/Developer/usr/bin
    DEVELOPER_DIR = /Applications/Xcode.app/Contents/Developer
    DEVELOPER_FRAMEWORKS_DIR = /Applications/Xcode.app/Contents/Developer/Library/Frameworks
    DEVELOPER_FRAMEWORKS_DIR_QUOTED = "/Applications/Xcode.app/Contents/Developer/Library/Frameworks"
    DEVELOPER_LIBRARY_DIR = /Applications/Xcode.app/Contents/Developer/Library
    DEVELOPER_SDK_DIR = /Applications/Xcode.app/Contents/Developer/Platforms/MacOSX.platform/Developer/SDKs
    DEVELOPER_TOOLS_DIR = /Applications/Xcode.app/Contents/Developer/Tools
    DEVELOPER_USR_DIR = /Applications/Xcode.app/Contents/Developer/usr
    DEVELOPMENT_LANGUAGE = English
    DOCUMENTATION_FOLDER_PATH = Spin.app/English.lproj/Documentation
    DO_HEADER_SCANNING_IN_JAM = NO
    DSTROOT = /tmp/Spin.dst
    DT_TOOLCHAIN_DIR = /Applications/Xcode.app/Contents/Developer/Toolchains/XcodeDefault.xctoolchain
    DWARF_DSYM_FILE_NAME = Spin.app.dSYM
    DWARF_DSYM_FILE_SHOULD_ACCOMPANY_PRODUCT = NO
    DWARF_DSYM_FOLDER_PATH = /Users/phausler/Library/Developer/Xcode/DerivedData/Spin-eadviupuvhwvizcicdgklzhgluji/Build/Products/Debug-iphonesimulator
    EFFECTIVE_PLATFORM_NAME = -iphonesimulator
    ENABLE_HEADER_DEPENDENCIES = YES
    EXCLUDED_INSTALLSRC_SUBDIRECTORY_PATTERNS = .DS_Store .svn .git .hg CVS
    EXCLUDED_RECURSIVE_SEARCH_PATH_SUBDIRECTORIES = *.nib *.lproj *.framework *.gch (*) .DS_Store CVS .svn .git .hg *.xcodeproj *.xcode *.pbproj *.pbxproj
    EXECUTABLES_FOLDER_PATH = Spin.app/Executables
    EXECUTABLE_FOLDER_PATH = Spin.app
    EXECUTABLE_NAME = Spin
    EXECUTABLE_PATH = Spin.app/Spin
    FILE_LIST = /Users/phausler/Library/Developer/Xcode/DerivedData/Spin-eadviupuvhwvizcicdgklzhgluji/Build/Intermediates/Spin.build/Debug-iphonesimulator/Spin.build/Objects/LinkFileList
    FIXED_FILES_DIR = /Users/phausler/Library/Developer/Xcode/DerivedData/Spin-eadviupuvhwvizcicdgklzhgluji/Build/Intermediates/Spin.build/Debug-iphonesimulator/Spin.build/FixedFiles
    FRAMEWORKS_FOLDER_PATH = Spin.app/Frameworks
    FRAMEWORK_FLAG_PREFIX = -framework
    FRAMEWORK_SEARCH_PATHS = "/Users/phausler/Library/Developer/Xcode/DerivedData/Spin-eadviupuvhwvizcicdgklzhgluji/Build/Products/Debug-iphonesimulator" 
    FRAMEWORK_VERSION = A
    FULL_PRODUCT_NAME = Spin.app
    GCC3_VERSION = 3.3
    GCC_C_LANGUAGE_STANDARD = gnu99
    GCC_DYNAMIC_NO_PIC = NO
    GCC_INLINES_ARE_PRIVATE_EXTERN = YES
    GCC_OBJC_LEGACY_DISPATCH = YES
    GCC_OPTIMIZATION_LEVEL = 0
    GCC_PFE_FILE_C_DIALECTS = c objective-c c++ objective-c++
    GCC_PRECOMPILE_PREFIX_HEADER = YES
    GCC_PREFIX_HEADER = Spin/Spin-Prefix.pch
    GCC_PREPROCESSOR_DEFINITIONS = DEBUG=1 
    GCC_SYMBOLS_PRIVATE_EXTERN = NO
    GCC_TREAT_WARNINGS_AS_ERRORS = NO
    GCC_VERSION = com.apple.compilers.llvm.clang.1_0
    GCC_VERSION_IDENTIFIER = com_apple_compilers_llvm_clang_1_0
    GCC_WARN_ABOUT_RETURN_TYPE = YES
    GCC_WARN_UNINITIALIZED_AUTOS = YES
    GCC_WARN_UNUSED_VARIABLE = YES
    GENERATE_MASTER_OBJECT_FILE = NO
    GENERATE_PKGINFO_FILE = YES
    GENERATE_PROFILING_CODE = NO
    GID = 20
    GROUP = staff
    HEADERMAP_INCLUDES_FLAT_ENTRIES_FOR_TARGET_BEING_BUILT = YES
    HEADERMAP_INCLUDES_FRAMEWORK_ENTRIES_FOR_ALL_PRODUCT_TYPES = YES
    HEADERMAP_INCLUDES_NONPUBLIC_NONPRIVATE_HEADERS = YES
    HEADERMAP_INCLUDES_PROJECT_HEADERS = YES
    HEADER_SEARCH_PATHS = "/Users/phausler/Library/Developer/Xcode/DerivedData/Spin-eadviupuvhwvizcicdgklzhgluji/Build/Products/Debug-iphonesimulator/include"  /Applications/Xcode.app/Contents/Developer/Toolchains/XcodeDefault.xctoolchain/usr/include /Applications/Xcode.app/Contents/Developer/Toolchains/XcodeDefault.xctoolchain/usr/include /Applications/Xcode.app/Contents/Developer/Toolchains/XcodeDefault.xctoolchain/usr/include
    ICONV = /usr/bin/iconv
    INFOPLIST_EXPAND_BUILD_SETTINGS = YES
    INFOPLIST_FILE = Spin/Spin-Info.plist
    INFOPLIST_OUTPUT_FORMAT = binary
    INFOPLIST_PATH = Spin.app/Info.plist
    INFOPLIST_PREPROCESS = NO
    INFOSTRINGS_PATH = Spin.app/English.lproj/InfoPlist.strings
    INSTALL_DIR = /tmp/Spin.dst/Applications
    INSTALL_GROUP = staff
    INSTALL_MODE_FLAG = u+w,go-w,a+rX
    INSTALL_OWNER = phausler
    INSTALL_PATH = /Applications
    INSTALL_ROOT = /tmp/Spin.dst
    IPHONEOS_DEPLOYMENT_TARGET = 6.0
    JAVAC_DEFAULT_FLAGS = -J-Xms64m -J-XX:NewSize=4M -J-Dfile.encoding=UTF8
    JAVA_APP_STUB = /System/Library/Frameworks/JavaVM.framework/Resources/MacOS/JavaApplicationStub
    JAVA_ARCHIVE_CLASSES = YES
    JAVA_ARCHIVE_TYPE = JAR
    JAVA_COMPILER = /usr/bin/javac
    JAVA_FOLDER_PATH = Spin.app/Java
    JAVA_FRAMEWORK_RESOURCES_DIRS = Resources
    JAVA_JAR_FLAGS = cv
    JAVA_SOURCE_SUBDIR = .
    JAVA_USE_DEPENDENCIES = YES
    JAVA_ZIP_FLAGS = -urg
    JIKES_DEFAULT_FLAGS = +E +OLDCSO
    KEEP_PRIVATE_EXTERNS = NO
    LD_GENERATE_MAP_FILE = NO
    LD_MAP_FILE_PATH = /Users/phausler/Library/Developer/Xcode/DerivedData/Spin-eadviupuvhwvizcicdgklzhgluji/Build/Intermediates/Spin.build/Debug-iphonesimulator/Spin.build/Spin-LinkMap-normal-i386.txt
    LD_NO_PIE = NO
    LEGACY_DEVELOPER_DIR = /Applications/Xcode.app/Contents/PlugIns/Xcode3Core.ideplugin/Contents/SharedSupport/Developer
    LEX = lex
    LIBRARY_FLAG_NOSPACE = YES
    LIBRARY_FLAG_PREFIX = -l
    LIBRARY_SEARCH_PATHS = "/Users/phausler/Library/Developer/Xcode/DerivedData/Spin-eadviupuvhwvizcicdgklzhgluji/Build/Products/Debug-iphonesimulator" 
    LINKER_DISPLAYS_MANGLED_NAMES = NO
    LINK_FILE_LIST_normal_i386 = /Users/phausler/Library/Developer/Xcode/DerivedData/Spin-eadviupuvhwvizcicdgklzhgluji/Build/Intermediates/Spin.build/Debug-iphonesimulator/Spin.build/Objects-normal/i386/Spin.LinkFileList
    LINK_WITH_STANDARD_LIBRARIES = YES
    LOCALIZED_RESOURCES_FOLDER_PATH = Spin.app/English.lproj
    LOCAL_ADMIN_APPS_DIR = /Applications/Utilities
    LOCAL_APPS_DIR = /Applications
    LOCAL_DEVELOPER_DIR = /Library/Developer
    LOCAL_LIBRARY_DIR = /Library
    MACH_O_TYPE = mh_execute
    MACOSX_DEPLOYMENT_TARGET = 10.6
    MAC_OS_X_PRODUCT_BUILD_VERSION = 12C60
    MAC_OS_X_VERSION_ACTUAL = 1082
    MAC_OS_X_VERSION_MAJOR = 1080
    MAC_OS_X_VERSION_MINOR = 0802
    NATIVE_ARCH = i386
    NATIVE_ARCH_32_BIT = i386
    NATIVE_ARCH_64_BIT = x86_64
    NATIVE_ARCH_ACTUAL = x86_64
    NO_COMMON = YES
    OBJC_ABI_VERSION = 2
    OBJECT_FILE_DIR = /Users/phausler/Library/Developer/Xcode/DerivedData/Spin-eadviupuvhwvizcicdgklzhgluji/Build/Intermediates/Spin.build/Debug-iphonesimulator/Spin.build/Objects
    OBJECT_FILE_DIR_normal = /Users/phausler/Library/Developer/Xcode/DerivedData/Spin-eadviupuvhwvizcicdgklzhgluji/Build/Intermediates/Spin.build/Debug-iphonesimulator/Spin.build/Objects-normal
    OBJROOT = /Users/phausler/Library/Developer/Xcode/DerivedData/Spin-eadviupuvhwvizcicdgklzhgluji/Build/Intermediates
    ONLY_ACTIVE_ARCH = YES
    OPTIMIZATION_LEVEL = 0
    OS = MACOS
    OSAC = /usr/bin/osacompile
    PACKAGE_TYPE = com.apple.package-type.wrapper.application
    PASCAL_STRINGS = YES
    PATH = /Applications/Xcode.app/Contents/Developer/Toolchains/XcodeDefault.xctoolchain/usr/bin:/Applications/Xcode.app/Contents/Developer/Toolchains/XcodeDefault.xctoolchain/usr/libexec:/Applications/Xcode.app/Contents/Developer/Platforms/iPhoneSimulator.platform/Developer/usr/bin:/Applications/Xcode.app/Contents/Developer/Platforms/iPhoneSimulator.platform/Developer/usr/local/bin:/Applications/Xcode.app/Contents/Developer/Platforms/iPhoneSimulator.platform/usr/bin:/Applications/Xcode.app/Contents/Developer/Platforms/iPhoneSimulator.platform/usr/local/bin:/Applications/Xcode.app/Contents/Developer/usr/bin:/Applications/Xcode.app/Contents/Developer/usr/local/bin:/Applications/Xcode.app/Contents/Developer/Tools:/Volumes/Vault/destinycloudfist/toolchain/macosx/android-ndk/toolchains/arm-linux-androideabi-4.6/prebuilt/darwin-x86/bin:/Users/phausler/.rvm/gems/ruby-1.9.3-p194/bin:/Users/phausler/.rvm/gems/ruby-1.9.3-p194@global/bin:/Users/phausler/.rvm/rubies/ruby-1.9.3-p194/bin:/Users/phausler/.rvm/bin:/usr/local/bin:/usr/bin:/bin:/usr/sbin:/sbin:/Volumes/Vault/destinycloudfist/toolchain/macosx/android-sdk/tools:/Volumes/Vault/destinycloudfist/toolchain/macosx/android-sdk/platform-tools:/Volumes/Vault/destinycloudfist/Tools/DeveloperTools:/Volumes/Vault/destinycloudfist/bin
    PATH_PREFIXES_EXCLUDED_FROM_HEADER_DEPENDENCIES = /usr/include /usr/local/include /System/Library/Frameworks /System/Library/PrivateFrameworks /Applications/Xcode.app/Contents/Developer/Headers /Applications/Xcode.app/Contents/Developer/SDKs /Applications/Xcode.app/Contents/Developer/Platforms
    PBDEVELOPMENTPLIST_PATH = Spin.app/pbdevelopment.plist
    PFE_FILE_C_DIALECTS = objective-c
    PKGINFO_FILE_PATH = /Users/phausler/Library/Developer/Xcode/DerivedData/Spin-eadviupuvhwvizcicdgklzhgluji/Build/Intermediates/Spin.build/Debug-iphonesimulator/Spin.build/PkgInfo
    PKGINFO_PATH = Spin.app/PkgInfo
    PLATFORM_DEVELOPER_APPLICATIONS_DIR = /Applications/Xcode.app/Contents/Developer/Platforms/iPhoneSimulator.platform/Developer/Applications
    PLATFORM_DEVELOPER_BIN_DIR = /Applications/Xcode.app/Contents/Developer/Platforms/iPhoneSimulator.platform/Developer/usr/bin
    PLATFORM_DEVELOPER_LIBRARY_DIR = /Applications/Xcode.app/Contents/PlugIns/Xcode3Core.ideplugin/Contents/SharedSupport/Developer/Library
    PLATFORM_DEVELOPER_SDK_DIR = /Applications/Xcode.app/Contents/Developer/Platforms/iPhoneSimulator.platform/Developer/SDKs
    PLATFORM_DEVELOPER_TOOLS_DIR = /Applications/Xcode.app/Contents/Developer/Platforms/iPhoneSimulator.platform/Developer/Tools
    PLATFORM_DEVELOPER_USR_DIR = /Applications/Xcode.app/Contents/Developer/Platforms/iPhoneSimulator.platform/Developer/usr
    PLATFORM_DIR = /Applications/Xcode.app/Contents/Developer/Platforms/iPhoneSimulator.platform
    PLATFORM_NAME = iphonesimulator
    PLATFORM_PREFERRED_ARCH = i386
    PLATFORM_PRODUCT_BUILD_VERSION = 10A403
    PLATFORM_VERSION_AVAILABILITY_H_FORMAT = 60000
    PLIST_FILE_OUTPUT_FORMAT = binary
    PLUGINS_FOLDER_PATH = Spin.app/PlugIns
    PRECOMPS_INCLUDE_HEADERS_FROM_BUILT_PRODUCTS_DIR = YES
    PRECOMP_DESTINATION_DIR = /Users/phausler/Library/Developer/Xcode/DerivedData/Spin-eadviupuvhwvizcicdgklzhgluji/Build/Intermediates/Spin.build/Debug-iphonesimulator/Spin.build/PrefixHeaders
    PRESERVE_DEAD_CODE_INITS_AND_TERMS = NO
    PRIVATE_HEADERS_FOLDER_PATH = Spin.app/PrivateHeaders
    PRODUCT_NAME = Spin
    PRODUCT_SETTINGS_PATH = /Users/phausler/Documents/Spin/Spin/Spin-Info.plist
    PRODUCT_TYPE = com.apple.product-type.application
    PROFILING_CODE = NO
    PROJECT = Spin
    PROJECT_DERIVED_FILE_DIR = /Users/phausler/Library/Developer/Xcode/DerivedData/Spin-eadviupuvhwvizcicdgklzhgluji/Build/Intermediates/Spin.build/DerivedSources
    PROJECT_DIR = /Users/phausler/Documents/Spin
    PROJECT_FILE_PATH = /Users/phausler/Documents/Spin/Spin.xcodeproj
    PROJECT_NAME = Spin
    PROJECT_TEMP_DIR = /Users/phausler/Library/Developer/Xcode/DerivedData/Spin-eadviupuvhwvizcicdgklzhgluji/Build/Intermediates/Spin.build
    PUBLIC_HEADERS_FOLDER_PATH = Spin.app/Headers
    RECURSIVE_SEARCH_PATHS_FOLLOW_SYMLINKS = YES
    REMOVE_CVS_FROM_RESOURCES = YES
    REMOVE_GIT_FROM_RESOURCES = YES
    REMOVE_HG_FROM_RESOURCES = YES
    REMOVE_SVN_FROM_RESOURCES = YES
    REZ_COLLECTOR_DIR = /Users/phausler/Library/Developer/Xcode/DerivedData/Spin-eadviupuvhwvizcicdgklzhgluji/Build/Intermediates/Spin.build/Debug-iphonesimulator/Spin.build/ResourceManagerResources
    REZ_OBJECTS_DIR = /Users/phausler/Library/Developer/Xcode/DerivedData/Spin-eadviupuvhwvizcicdgklzhgluji/Build/Intermediates/Spin.build/Debug-iphonesimulator/Spin.build/ResourceManagerResources/Objects
    REZ_SEARCH_PATHS = "/Users/phausler/Library/Developer/Xcode/DerivedData/Spin-eadviupuvhwvizcicdgklzhgluji/Build/Products/Debug-iphonesimulator" 
    RUN_CLANG_STATIC_ANALYZER = NO
    SCAN_ALL_SOURCE_FILES_FOR_INCLUDES = NO
    SCRIPTS_FOLDER_PATH = Spin.app/Scripts
    SDKROOT = /Applications/Xcode.app/Contents/Developer/Platforms/iPhoneSimulator.platform/Developer/SDKs/iPhoneSimulator6.0.sdk
    SDK_DIR = /Applications/Xcode.app/Contents/Developer/Platforms/iPhoneSimulator.platform/Developer/SDKs/iPhoneSimulator6.0.sdk
    SDK_NAME = iphonesimulator6.0
    SDK_PRODUCT_BUILD_VERSION = 10A403
    SED = /usr/bin/sed
    SEPARATE_STRIP = NO
    SEPARATE_SYMBOL_EDIT = NO
    SET_DIR_MODE_OWNER_GROUP = YES
    SET_FILE_MODE_OWNER_GROUP = NO
    SHALLOW_BUNDLE = YES
    SHARED_DERIVED_FILE_DIR = /Users/phausler/Library/Developer/Xcode/DerivedData/Spin-eadviupuvhwvizcicdgklzhgluji/Build/Products/Debug-iphonesimulator/DerivedSources
    SHARED_FRAMEWORKS_FOLDER_PATH = Spin.app/SharedFrameworks
    SHARED_PRECOMPS_DIR = /Users/phausler/Library/Developer/Xcode/DerivedData/Spin-eadviupuvhwvizcicdgklzhgluji/Build/Intermediates/PrecompiledHeaders
    SHARED_SUPPORT_FOLDER_PATH = Spin.app/SharedSupport
    SKIP_INSTALL = NO
    SOURCE_ROOT = /Users/phausler/Documents/Spin
    SRCROOT = /Users/phausler/Documents/Spin
    STRINGS_FILE_OUTPUT_ENCODING = binary
    STRIP_INSTALLED_PRODUCT = YES
    STRIP_STYLE = all
    SUPPORTED_DEVICE_FAMILIES = 1 2
    SUPPORTED_PLATFORMS = iphonesimulator iphoneos
    SYMROOT = /Users/phausler/Library/Developer/Xcode/DerivedData/Spin-eadviupuvhwvizcicdgklzhgluji/Build/Products
    SYSTEM_ADMIN_APPS_DIR = /Applications/Utilities
    SYSTEM_APPS_DIR = /Applications
    SYSTEM_CORE_SERVICES_DIR = /System/Library/CoreServices
    SYSTEM_DEMOS_DIR = /Applications/Extras
    SYSTEM_DEVELOPER_APPS_DIR = /Applications/Xcode.app/Contents/Developer/Applications
    SYSTEM_DEVELOPER_BIN_DIR = /Applications/Xcode.app/Contents/Developer/usr/bin
    SYSTEM_DEVELOPER_DEMOS_DIR = /Applications/Xcode.app/Contents/Developer/Applications/Utilities/Built Examples
    SYSTEM_DEVELOPER_DIR = /Applications/Xcode.app/Contents/Developer
    SYSTEM_DEVELOPER_DOC_DIR = /Applications/Xcode.app/Contents/Developer/ADC Reference Library
    SYSTEM_DEVELOPER_GRAPHICS_TOOLS_DIR = /Applications/Xcode.app/Contents/Developer/Applications/Graphics Tools
    SYSTEM_DEVELOPER_JAVA_TOOLS_DIR = /Applications/Xcode.app/Contents/Developer/Applications/Java Tools
    SYSTEM_DEVELOPER_PERFORMANCE_TOOLS_DIR = /Applications/Xcode.app/Contents/Developer/Applications/Performance Tools
    SYSTEM_DEVELOPER_RELEASENOTES_DIR = /Applications/Xcode.app/Contents/Developer/ADC Reference Library/releasenotes
    SYSTEM_DEVELOPER_TOOLS = /Applications/Xcode.app/Contents/Developer/Tools
    SYSTEM_DEVELOPER_TOOLS_DOC_DIR = /Applications/Xcode.app/Contents/Developer/ADC Reference Library/documentation/DeveloperTools
    SYSTEM_DEVELOPER_TOOLS_RELEASENOTES_DIR = /Applications/Xcode.app/Contents/Developer/ADC Reference Library/releasenotes/DeveloperTools
    SYSTEM_DEVELOPER_USR_DIR = /Applications/Xcode.app/Contents/Developer/usr
    SYSTEM_DEVELOPER_UTILITIES_DIR = /Applications/Xcode.app/Contents/Developer/Applications/Utilities
    SYSTEM_DOCUMENTATION_DIR = /Library/Documentation
    SYSTEM_LIBRARY_DIR = /System/Library
    TARGETED_DEVICE_FAMILY = 1
    TARGETNAME = Spin
    TARGET_BUILD_DIR = /Users/phausler/Library/Developer/Xcode/DerivedData/Spin-eadviupuvhwvizcicdgklzhgluji/Build/Products/Debug-iphonesimulator
    TARGET_NAME = Spin
    TARGET_TEMP_DIR = /Users/phausler/Library/Developer/Xcode/DerivedData/Spin-eadviupuvhwvizcicdgklzhgluji/Build/Intermediates/Spin.build/Debug-iphonesimulator/Spin.build
    TEMP_DIR = /Users/phausler/Library/Developer/Xcode/DerivedData/Spin-eadviupuvhwvizcicdgklzhgluji/Build/Intermediates/Spin.build/Debug-iphonesimulator/Spin.build
    TEMP_FILES_DIR = /Users/phausler/Library/Developer/Xcode/DerivedData/Spin-eadviupuvhwvizcicdgklzhgluji/Build/Intermediates/Spin.build/Debug-iphonesimulator/Spin.build
    TEMP_FILE_DIR = /Users/phausler/Library/Developer/Xcode/DerivedData/Spin-eadviupuvhwvizcicdgklzhgluji/Build/Intermediates/Spin.build/Debug-iphonesimulator/Spin.build
    TEMP_ROOT = /Users/phausler/Library/Developer/Xcode/DerivedData/Spin-eadviupuvhwvizcicdgklzhgluji/Build/Intermediates
    TEST_AFTER_BUILD = NO
    TOOLCHAINS = com.apple.dt.toolchain.iOS6_0
    UID = 501
    UNLOCALIZED_RESOURCES_FOLDER_PATH = Spin.app
    UNSTRIPPED_PRODUCT = NO
    USER = phausler
    USER_APPS_DIR = /Users/phausler/Applications
    USER_HEADER_SEARCH_PATHS = /Users/phausler/Documents/Spin/**
    USER_LIBRARY_DIR = /Users/phausler/Library
    USE_DYNAMIC_NO_PIC = YES
    USE_HEADERMAP = YES
    USE_HEADER_SYMLINKS = NO
    VALIDATE_PRODUCT = NO
    VALID_ARCHS = i386
    VERBOSE_PBXCP = NO
    VERSIONPLIST_PATH = Spin.app/version.plist
    VERSION_INFO_BUILDER = phausler
    VERSION_INFO_FILE = Spin_vers.c
    VERSION_INFO_STRING = "@(#)PROGRAM:Spin  PROJECT:Spin-"
    WRAPPER_EXTENSION = app
    WRAPPER_NAME = Spin.app
    WRAPPER_SUFFIX = .app
    XCODE_APP_SUPPORT_DIR = /Applications/Xcode.app/Contents/Developer/Library/Xcode
    XCODE_PRODUCT_BUILD_VERSION = 4G1004
    XCODE_VERSION_ACTUAL = 0451
    XCODE_VERSION_MAJOR = 0400
    XCODE_VERSION_MINOR = 0450
    YACC = yacc

